<?xml version="1.0" encoding="UTF-8"?>
<!-- Generated by org.testng.reporters.JUnitXMLReporter -->
<testsuite ignored="0" hostname="DESKTOP-MSMOHMV" failures="2" tests="9" name="Regression Test" time="71.181" errors="0" timestamp="2026-03-14T18:03:19 IST">
  <testcase classname="tests.LoginTest" name="VerifyinvalidLogin" time="1.04"/>
  <testcase classname="tests.LoginTest" name="verifyValidLogin" time="0.936"/>
  <testcase classname="tests.HomeTest" name="VerifyHomePageTitleAfterLoggin" time="0.864"/>
  <testcase classname="tests.HomeTest" name="VerifyOpenCartNavigation" time="1.055"/>
  <testcase classname="tests.HomeTest" name="verifyaddBagPackCart" time="1.132"/>
  <testcase classname="tests.CartTest" name="VerifyCheckButtonNavigation" time="1.426"/>
  <testcase classname="tests.CartTest" name="VerifyItemInCart" time="1.497"/>
  <testcase classname="tests.CheckOutTest" name="VerifyCheckOutDetailsSubmission" time="1.369">
    <failure type="java.lang.NullPointerException" message="Cannot invoke &amp;quot;org.openqa.selenium.WebElement.sendKeys(java.lang.CharSequence[])&amp;quot; because &amp;quot;this.addFirstName&amp;quot; is null">
      <![CDATA[java.lang.NullPointerException: Cannot invoke "org.openqa.selenium.WebElement.sendKeys(java.lang.CharSequence[])" because "this.addFirstName" is null
at Pages.CheckOutPage.enterFirstName(CheckOutPage.java:35)
at Pages.CheckOutPage.enterDetails(CheckOutPage.java:51)
at tests.CheckOutTest.VerifyCheckOutDetailsSubmission(CheckOutTest.java:50)
at java.base/java.util.ArrayList.forEach(ArrayList.java:1511)
... Removed 27 stack frames]]>
    </failure>
  </testcase> <!-- VerifyCheckOutDetailsSubmission -->
  <testcase classname="tests.CheckOutTest" name="VerifyCheckOutPageTitle" time="1.654">
    <failure type="java.lang.NullPointerException" message="Cannot invoke &amp;quot;org.openqa.selenium.WebElement.getText()&amp;quot; because &amp;quot;this.CheckoutPagetitle&amp;quot; is null">
      <![CDATA[java.lang.NullPointerException: Cannot invoke "org.openqa.selenium.WebElement.getText()" because "this.CheckoutPagetitle" is null
at Pages.CheckOutPage.CheckTitle(CheckOutPage.java:31)
at tests.CheckOutTest.VerifyCheckOutPageTitle(CheckOutTest.java:30)
at java.base/java.util.ArrayList.forEach(ArrayList.java:1511)
... Removed 27 stack frames]]>
    </failure>
  </testcase> <!-- VerifyCheckOutPageTitle -->
</testsuite> <!-- Regression Test -->
