<?xml version="1.0" encoding="UTF-8"?>
<testng-results ignored="0" total="9" passed="7" failed="2" skipped="0">
  <reporter-output>
  </reporter-output>
  <suite started-at="2026-03-14T18:02:08 IST" name="SwagLabs" finished-at="2026-03-14T18:03:19 IST" duration-ms="71181">
    <groups>
    </groups>
    <test started-at="2026-03-14T18:02:08 IST" name="Regression Test" finished-at="2026-03-14T18:03:19 IST" duration-ms="71181">
      <class name="tests.LoginTest">
        <test-method is-config="true" signature="setUp()[pri:0, instance:tests.LoginTest@702657cc]" started-at="2026-03-14T18:02:08 IST" name="setUp" finished-at="2026-03-14T18:02:17 IST" duration-ms="8318" status="PASS">
          <reporter-output>
          </reporter-output>
        </test-method> <!-- setUp -->
        <test-method signature="VerifyinvalidLogin()[pri:0, instance:tests.LoginTest@702657cc]" started-at="2026-03-14T18:02:17 IST" name="VerifyinvalidLogin" finished-at="2026-03-14T18:02:18 IST" duration-ms="1040" status="PASS">
          <reporter-output>
          </reporter-output>
        </test-method> <!-- VerifyinvalidLogin -->
        <test-method is-config="true" signature="tearDown()[pri:0, instance:tests.LoginTest@702657cc]" started-at="2026-03-14T18:02:18 IST" name="tearDown" finished-at="2026-03-14T18:02:19 IST" duration-ms="782" status="PASS">
          <reporter-output>
          </reporter-output>
        </test-method> <!-- tearDown -->
        <test-method is-config="true" signature="setUp()[pri:0, instance:tests.LoginTest@702657cc]" started-at="2026-03-14T18:02:19 IST" name="setUp" finished-at="2026-03-14T18:02:23 IST" duration-ms="4758" status="PASS">
          <reporter-output>
          </reporter-output>
        </test-method> <!-- setUp -->
        <test-method signature="verifyValidLogin()[pri:0, instance:tests.LoginTest@702657cc]" started-at="2026-03-14T18:02:23 IST" name="verifyValidLogin" finished-at="2026-03-14T18:02:24 IST" duration-ms="936" status="PASS">
          <reporter-output>
          </reporter-output>
        </test-method> <!-- verifyValidLogin -->
        <test-method is-config="true" signature="tearDown()[pri:0, instance:tests.LoginTest@702657cc]" started-at="2026-03-14T18:02:24 IST" name="tearDown" finished-at="2026-03-14T18:02:25 IST" duration-ms="542" status="PASS">
          <reporter-output>
          </reporter-output>
        </test-method> <!-- tearDown -->
      </class> <!-- tests.LoginTest -->
      <class name="tests.CheckOutTest">
        <test-method is-config="true" signature="setUp()[pri:0, instance:tests.CheckOutTest@79079097]" started-at="2026-03-14T18:03:02 IST" name="setUp" finished-at="2026-03-14T18:03:07 IST" duration-ms="5303" status="PASS">
          <reporter-output>
          </reporter-output>
        </test-method> <!-- setUp -->
        <test-method signature="VerifyCheckOutDetailsSubmission()[pri:0, instance:tests.CheckOutTest@79079097]" started-at="2026-03-14T18:03:07 IST" name="VerifyCheckOutDetailsSubmission" finished-at="2026-03-14T18:03:08 IST" duration-ms="1369" status="FAIL">
          <exception class="java.lang.NullPointerException">
            <message>
              <![CDATA[Cannot invoke "org.openqa.selenium.WebElement.sendKeys(java.lang.CharSequence[])" because "this.addFirstName" is null]]>
            </message>
            <full-stacktrace>
              <![CDATA[java.lang.NullPointerException: Cannot invoke "org.openqa.selenium.WebElement.sendKeys(java.lang.CharSequence[])" because "this.addFirstName" is null
at Pages.CheckOutPage.enterFirstName(CheckOutPage.java:35)
at Pages.CheckOutPage.enterDetails(CheckOutPage.java:51)
at tests.CheckOutTest.VerifyCheckOutDetailsSubmission(CheckOutTest.java:50)
at java.base/jdk.internal.reflect.NativeMethodAccessorImpl.invoke0(Native Method)
at java.base/jdk.internal.reflect.NativeMethodAccessorImpl.invoke(NativeMethodAccessorImpl.java:77)
at java.base/jdk.internal.reflect.DelegatingMethodAccessorImpl.invoke(DelegatingMethodAccessorImpl.java:43)
at java.base/java.lang.reflect.Method.invoke(Method.java:568)
at org.testng.internal.invokers.MethodInvocationHelper.invokeMethod(MethodInvocationHelper.java:141)
at org.testng.internal.invokers.TestInvoker.invokeMethod(TestInvoker.java:686)
at org.testng.internal.invokers.TestInvoker.invokeTestMethod(TestInvoker.java:230)
at org.testng.internal.invokers.MethodRunner.runInSequence(MethodRunner.java:63)
at org.testng.internal.invokers.TestInvoker$MethodInvocationAgent.invoke(TestInvoker.java:992)
at org.testng.internal.invokers.TestInvoker.invokeTestMethods(TestInvoker.java:203)
at org.testng.internal.invokers.TestMethodWorker.invokeTestMethods(TestMethodWorker.java:154)
at org.testng.internal.invokers.TestMethodWorker.run(TestMethodWorker.java:134)
at java.base/java.util.ArrayList.forEach(ArrayList.java:1511)
at org.testng.TestRunner.privateRun(TestRunner.java:739)
at org.testng.TestRunner.run(TestRunner.java:614)
at org.testng.SuiteRunner.runTest(SuiteRunner.java:421)
at org.testng.SuiteRunner.runSequentially(SuiteRunner.java:413)
at org.testng.SuiteRunner.privateRun(SuiteRunner.java:373)
at org.testng.SuiteRunner.run(SuiteRunner.java:312)
at org.testng.SuiteRunnerWorker.runSuite(SuiteRunnerWorker.java:52)
at org.testng.SuiteRunnerWorker.run(SuiteRunnerWorker.java:95)
at org.testng.TestNG.runSuitesSequentially(TestNG.java:1274)
at org.testng.TestNG.runSuitesLocally(TestNG.java:1208)
at org.testng.TestNG.runSuites(TestNG.java:1112)
at org.testng.TestNG.run(TestNG.java:1079)
at org.testng.remote.AbstractRemoteTestNG.run(AbstractRemoteTestNG.java:115)
at org.testng.remote.RemoteTestNG.initAndRun(RemoteTestNG.java:293)
at org.testng.remote.RemoteTestNG.main(RemoteTestNG.java:91)
]]>
            </full-stacktrace>
          </exception> <!-- java.lang.NullPointerException -->
          <reporter-output>
          </reporter-output>
        </test-method> <!-- VerifyCheckOutDetailsSubmission -->
        <test-method is-config="true" signature="tearDown()[pri:0, instance:tests.CheckOutTest@79079097]" started-at="2026-03-14T18:03:08 IST" name="tearDown" finished-at="2026-03-14T18:03:09 IST" duration-ms="578" status="PASS">
          <reporter-output>
          </reporter-output>
        </test-method> <!-- tearDown -->
        <test-method is-config="true" signature="setUp()[pri:0, instance:tests.CheckOutTest@79079097]" started-at="2026-03-14T18:03:09 IST" name="setUp" finished-at="2026-03-14T18:03:17 IST" duration-ms="8148" status="PASS">
          <reporter-output>
          </reporter-output>
        </test-method> <!-- setUp -->
        <test-method signature="VerifyCheckOutPageTitle()[pri:0, instance:tests.CheckOutTest@79079097]" started-at="2026-03-14T18:03:17 IST" name="VerifyCheckOutPageTitle" finished-at="2026-03-14T18:03:19 IST" duration-ms="1654" status="FAIL">
          <exception class="java.lang.NullPointerException">
            <message>
              <![CDATA[Cannot invoke "org.openqa.selenium.WebElement.getText()" because "this.CheckoutPagetitle" is null]]>
            </message>
            <full-stacktrace>
              <![CDATA[java.lang.NullPointerException: Cannot invoke "org.openqa.selenium.WebElement.getText()" because "this.CheckoutPagetitle" is null
at Pages.CheckOutPage.CheckTitle(CheckOutPage.java:31)
at tests.CheckOutTest.VerifyCheckOutPageTitle(CheckOutTest.java:30)
at java.base/jdk.internal.reflect.NativeMethodAccessorImpl.invoke0(Native Method)
at java.base/jdk.internal.reflect.NativeMethodAccessorImpl.invoke(NativeMethodAccessorImpl.java:77)
at java.base/jdk.internal.reflect.DelegatingMethodAccessorImpl.invoke(DelegatingMethodAccessorImpl.java:43)
at java.base/java.lang.reflect.Method.invoke(Method.java:568)
at org.testng.internal.invokers.MethodInvocationHelper.invokeMethod(MethodInvocationHelper.java:141)
at org.testng.internal.invokers.TestInvoker.invokeMethod(TestInvoker.java:686)
at org.testng.internal.invokers.TestInvoker.invokeTestMethod(TestInvoker.java:230)
at org.testng.internal.invokers.MethodRunner.runInSequence(MethodRunner.java:63)
at org.testng.internal.invokers.TestInvoker$MethodInvocationAgent.invoke(TestInvoker.java:992)
at org.testng.internal.invokers.TestInvoker.invokeTestMethods(TestInvoker.java:203)
at org.testng.internal.invokers.TestMethodWorker.invokeTestMethods(TestMethodWorker.java:154)
at org.testng.internal.invokers.TestMethodWorker.run(TestMethodWorker.java:134)
at java.base/java.util.ArrayList.forEach(ArrayList.java:1511)
at org.testng.TestRunner.privateRun(TestRunner.java:739)
at org.testng.TestRunner.run(TestRunner.java:614)
at org.testng.SuiteRunner.runTest(SuiteRunner.java:421)
at org.testng.SuiteRunner.runSequentially(SuiteRunner.java:413)
at org.testng.SuiteRunner.privateRun(SuiteRunner.java:373)
at org.testng.SuiteRunner.run(SuiteRunner.java:312)
at org.testng.SuiteRunnerWorker.runSuite(SuiteRunnerWorker.java:52)
at org.testng.SuiteRunnerWorker.run(SuiteRunnerWorker.java:95)
at org.testng.TestNG.runSuitesSequentially(TestNG.java:1274)
at org.testng.TestNG.runSuitesLocally(TestNG.java:1208)
at org.testng.TestNG.runSuites(TestNG.java:1112)
at org.testng.TestNG.run(TestNG.java:1079)
at org.testng.remote.AbstractRemoteTestNG.run(AbstractRemoteTestNG.java:115)
at org.testng.remote.RemoteTestNG.initAndRun(RemoteTestNG.java:293)
at org.testng.remote.RemoteTestNG.main(RemoteTestNG.java:91)
]]>
            </full-stacktrace>
          </exception> <!-- java.lang.NullPointerException -->
          <reporter-output>
          </reporter-output>
        </test-method> <!-- VerifyCheckOutPageTitle -->
        <test-method is-config="true" signature="tearDown()[pri:0, instance:tests.CheckOutTest@79079097]" started-at="2026-03-14T18:03:19 IST" name="tearDown" finished-at="2026-03-14T18:03:19 IST" duration-ms="623" status="PASS">
          <reporter-output>
          </reporter-output>
        </test-method> <!-- tearDown -->
      </class> <!-- tests.CheckOutTest -->
      <class name="tests.HomeTest">
        <test-method is-config="true" signature="setUp()[pri:0, instance:tests.HomeTest@3c9754d8]" started-at="2026-03-14T18:02:25 IST" name="setUp" finished-at="2026-03-14T18:02:32 IST" duration-ms="6872" status="PASS">
          <reporter-output>
          </reporter-output>
        </test-method> <!-- setUp -->
        <test-method signature="VerifyHomePageTitleAfterLoggin()[pri:0, instance:tests.HomeTest@3c9754d8]" started-at="2026-03-14T18:02:32 IST" name="VerifyHomePageTitleAfterLoggin" finished-at="2026-03-14T18:02:33 IST" duration-ms="864" status="PASS">
          <reporter-output>
          </reporter-output>
        </test-method> <!-- VerifyHomePageTitleAfterLoggin -->
        <test-method is-config="true" signature="tearDown()[pri:0, instance:tests.HomeTest@3c9754d8]" started-at="2026-03-14T18:02:33 IST" name="tearDown" finished-at="2026-03-14T18:02:33 IST" duration-ms="524" status="PASS">
          <reporter-output>
          </reporter-output>
        </test-method> <!-- tearDown -->
        <test-method is-config="true" signature="setUp()[pri:0, instance:tests.HomeTest@3c9754d8]" started-at="2026-03-14T18:02:33 IST" name="setUp" finished-at="2026-03-14T18:02:38 IST" duration-ms="5364" status="PASS">
          <reporter-output>
          </reporter-output>
        </test-method> <!-- setUp -->
        <test-method signature="VerifyOpenCartNavigation()[pri:0, instance:tests.HomeTest@3c9754d8]" started-at="2026-03-14T18:02:38 IST" name="VerifyOpenCartNavigation" finished-at="2026-03-14T18:02:39 IST" duration-ms="1055" status="PASS">
          <reporter-output>
          </reporter-output>
        </test-method> <!-- VerifyOpenCartNavigation -->
        <test-method is-config="true" signature="tearDown()[pri:0, instance:tests.HomeTest@3c9754d8]" started-at="2026-03-14T18:02:39 IST" name="tearDown" finished-at="2026-03-14T18:02:40 IST" duration-ms="527" status="PASS">
          <reporter-output>
          </reporter-output>
        </test-method> <!-- tearDown -->
        <test-method is-config="true" signature="setUp()[pri:0, instance:tests.HomeTest@3c9754d8]" started-at="2026-03-14T18:02:40 IST" name="setUp" finished-at="2026-03-14T18:02:45 IST" duration-ms="4959" status="PASS">
          <reporter-output>
          </reporter-output>
        </test-method> <!-- setUp -->
        <test-method signature="verifyaddBagPackCart()[pri:0, instance:tests.HomeTest@3c9754d8]" started-at="2026-03-14T18:02:45 IST" name="verifyaddBagPackCart" finished-at="2026-03-14T18:02:46 IST" duration-ms="1132" status="PASS">
          <reporter-output>
          </reporter-output>
        </test-method> <!-- verifyaddBagPackCart -->
        <test-method is-config="true" signature="tearDown()[pri:0, instance:tests.HomeTest@3c9754d8]" started-at="2026-03-14T18:02:46 IST" name="tearDown" finished-at="2026-03-14T18:02:47 IST" duration-ms="525" status="PASS">
          <reporter-output>
          </reporter-output>
        </test-method> <!-- tearDown -->
      </class> <!-- tests.HomeTest -->
      <class name="tests.CartTest">
        <test-method is-config="true" signature="setUp()[pri:0, instance:tests.CartTest@3bf7ca37]" started-at="2026-03-14T18:02:47 IST" name="setUp" finished-at="2026-03-14T18:02:52 IST" duration-ms="4895" status="PASS">
          <reporter-output>
          </reporter-output>
        </test-method> <!-- setUp -->
        <test-method signature="VerifyCheckButtonNavigation()[pri:0, instance:tests.CartTest@3bf7ca37]" started-at="2026-03-14T18:02:52 IST" name="VerifyCheckButtonNavigation" finished-at="2026-03-14T18:02:53 IST" duration-ms="1426" status="PASS">
          <reporter-output>
          </reporter-output>
        </test-method> <!-- VerifyCheckButtonNavigation -->
        <test-method is-config="true" signature="tearDown()[pri:0, instance:tests.CartTest@3bf7ca37]" started-at="2026-03-14T18:02:53 IST" name="tearDown" finished-at="2026-03-14T18:02:54 IST" duration-ms="543" status="PASS">
          <reporter-output>
          </reporter-output>
        </test-method> <!-- tearDown -->
        <test-method is-config="true" signature="setUp()[pri:0, instance:tests.CartTest@3bf7ca37]" started-at="2026-03-14T18:02:54 IST" name="setUp" finished-at="2026-03-14T18:03:00 IST" duration-ms="6093" status="PASS">
          <reporter-output>
          </reporter-output>
        </test-method> <!-- setUp -->
        <test-method signature="VerifyItemInCart()[pri:0, instance:tests.CartTest@3bf7ca37]" started-at="2026-03-14T18:03:00 IST" name="VerifyItemInCart" finished-at="2026-03-14T18:03:01 IST" duration-ms="1497" status="PASS">
          <reporter-output>
          </reporter-output>
        </test-method> <!-- VerifyItemInCart -->
        <test-method is-config="true" signature="tearDown()[pri:0, instance:tests.CartTest@3bf7ca37]" started-at="2026-03-14T18:03:01 IST" name="tearDown" finished-at="2026-03-14T18:03:02 IST" duration-ms="599" status="PASS">
          <reporter-output>
          </reporter-output>
        </test-method> <!-- tearDown -->
      </class> <!-- tests.CartTest -->
    </test> <!-- Regression Test -->
  </suite> <!-- SwagLabs -->
</testng-results>
