<?xml version="1.0" encoding="UTF-8"?>
<!-- Generated by org.testng.reporters.JUnitReportReporter -->
<testsuite hostname="DESKTOP-MSMOHMV" failures="0" tests="3" name="tests.HomeTest" time="16.396" errors="0" timestamp="2026-03-15T15:45:45 IST" skipped="0">
  <testcase classname="tests.HomeTest" name="VerifyHomePageTitleAfterLoggin" time="5.567"/>
  <testcase classname="tests.HomeTest" name="VerifyOpenCartNavigation" time="5.543"/>
  <testcase classname="tests.HomeTest" name="verifyaddBagPackCart" time="5.286"/>
</testsuite> <!-- tests.HomeTest -->
