<?xml version="1.0" encoding="UTF-8"?>
<!-- Generated by org.testng.reporters.JUnitReportReporter -->
<testsuite hostname="DESKTOP-MSMOHMV" failures="0" tests="3" name="tests.HomeTest" time="21.822" errors="0" timestamp="2026-03-14T18:03:20 IST" skipped="0">
  <testcase classname="tests.HomeTest" name="VerifyHomePageTitleAfterLoggin" time="8.261"/>
  <testcase classname="tests.HomeTest" name="VerifyOpenCartNavigation" time="6.943"/>
  <testcase classname="tests.HomeTest" name="verifyaddBagPackCart" time="6.618"/>
</testsuite> <!-- tests.HomeTest -->
